21:05:30  ======================================================================
21:05:30  NEREID-B solver starting
21:05:30  grid 48x30x20  domain 400.0x200.0x30.0 m  t_end=600.0s  ensemble=12
21:05:30  fluid cells: 19200/28800  nozzle U_d=7.96 m/s
21:05:30  near-field (validated correlations): Fr=40.1  rise=17.7m (z_t/D·Fr=2.20)  return=19.3m  dilution=64x
21:05:30    -> 3-D far field seeded with diluted plume S=36.75 g/kg
21:05:30  assembling & factorising pressure-Poisson operator ...
21:05:34  factorisation complete.
21:05:34  --- ensemble member 1/12 (in-process, full diagnostics) ---
21:05:51  [m0] t=   13.2s  dt=0.066  Smax=36.75  div=1.2e-04  nstep=200  (17.4s)
21:06:07  [m0] t=   26.4s  dt=0.066  Smax=36.77  div=1.3e-04  nstep=400  (33.2s)
21:06:22  [m0] t=   39.6s  dt=0.066  Smax=36.99  div=1.3e-04  nstep=600  (48.7s)
21:06:38  [m0] t=   52.8s  dt=0.066  Smax=37.78  div=1.5e-04  nstep=800  (64.1s)
21:06:54  [m0] t=   66.0s  dt=0.066  Smax=38.23  div=1.4e-04  nstep=1000  (80.9s)
21:07:09  [m0] t=   79.2s  dt=0.066  Smax=38.82  div=1.5e-04  nstep=1200  (95.8s)
21:07:25  [m0] t=   92.4s  dt=0.066  Smax=39.06  div=1.6e-04  nstep=1400  (111.3s)
21:07:41  [m0] t=  105.6s  dt=0.066  Smax=39.15  div=1.5e-04  nstep=1600  (127.0s)
21:07:56  [m0] t=  118.8s  dt=0.066  Smax=38.87  div=1.3e-04  nstep=1800  (142.6s)
21:08:11  [m0] t=  131.9s  dt=0.066  Smax=38.17  div=1.5e-04  nstep=2000  (157.9s)
21:08:28  [m0] t=  145.1s  dt=0.066  Smax=37.54  div=1.2e-04  nstep=2200  (174.6s)
21:08:43  [m0] t=  158.3s  dt=0.066  Smax=37.62  div=1.1e-04  nstep=2400  (189.9s)
21:09:00  [m0] t=  171.5s  dt=0.066  Smax=37.87  div=1.2e-04  nstep=2600  (206.8s)
21:09:17  [m0] t=  184.7s  dt=0.066  Smax=38.06  div=1.4e-04  nstep=2800  (223.4s)
21:09:34  [m0] t=  197.9s  dt=0.066  Smax=38.07  div=1.3e-04  nstep=3000  (240.0s)
21:09:48  [m0] t=  211.1s  dt=0.066  Smax=37.99  div=1.5e-04  nstep=3200  (254.8s)
21:10:05  [m0] t=  224.3s  dt=0.066  Smax=38.16  div=1.4e-04  nstep=3400  (271.5s)
21:10:21  [m0] t=  237.5s  dt=0.066  Smax=38.48  div=1.6e-04  nstep=3600  (287.5s)
21:10:39  [m0] t=  250.7s  dt=0.066  Smax=38.74  div=2.1e-04  nstep=3800  (305.3s)
21:10:55  [m0] t=  263.9s  dt=0.066  Smax=38.94  div=2.0e-04  nstep=4000  (321.6s)
21:11:13  [m0] t=  277.1s  dt=0.066  Smax=39.32  div=2.0e-04  nstep=4200  (339.2s)
21:11:30  [m0] t=  290.3s  dt=0.066  Smax=39.23  div=2.0e-04  nstep=4400  (356.2s)
21:11:47  [m0] t=  303.5s  dt=0.066  Smax=39.04  div=2.0e-04  nstep=4600  (373.6s)
21:12:03  [m0] t=  316.7s  dt=0.066  Smax=39.04  div=2.1e-04  nstep=4800  (389.0s)
21:12:18  [m0] t=  329.9s  dt=0.066  Smax=39.10  div=2.2e-04  nstep=5000  (404.4s)
21:12:33  [m0] t=  343.1s  dt=0.066  Smax=39.21  div=2.3e-04  nstep=5200  (419.3s)
21:12:49  [m0] t=  356.3s  dt=0.066  Smax=39.06  div=2.4e-04  nstep=5400  (435.2s)
21:13:03  [m0] t=  369.5s  dt=0.066  Smax=38.68  div=2.5e-04  nstep=5600  (450.0s)
21:13:19  [m0] t=  382.6s  dt=0.066  Smax=38.54  div=2.8e-04  nstep=5800  (465.5s)
21:13:34  [m0] t=  395.8s  dt=0.066  Smax=38.40  div=2.7e-04  nstep=6000  (480.3s)
21:13:50  [m0] t=  409.0s  dt=0.066  Smax=38.24  div=2.7e-04  nstep=6200  (496.7s)
21:14:06  [m0] t=  422.2s  dt=0.066  Smax=38.19  div=2.8e-04  nstep=6400  (512.0s)
21:14:22  [m0] t=  435.4s  dt=0.066  Smax=38.46  div=3.0e-04  nstep=6600  (528.2s)
21:14:37  [m0] t=  448.6s  dt=0.066  Smax=38.54  div=3.1e-04  nstep=6800  (543.4s)
21:14:53  [m0] t=  461.8s  dt=0.066  Smax=38.44  div=3.2e-04  nstep=7000  (559.2s)
21:15:07  [m0] t=  475.0s  dt=0.066  Smax=38.41  div=3.6e-04  nstep=7200  (573.2s)
21:15:23  [m0] t=  488.2s  dt=0.066  Smax=38.47  div=3.7e-04  nstep=7400  (589.4s)
21:15:39  [m0] t=  501.4s  dt=0.066  Smax=38.35  div=3.9e-04  nstep=7600  (605.0s)
21:15:54  [m0] t=  514.6s  dt=0.066  Smax=38.53  div=4.1e-04  nstep=7800  (620.7s)
21:16:10  [m0] t=  527.8s  dt=0.066  Smax=38.64  div=4.1e-04  nstep=8000  (636.3s)
21:16:30  [m0] t=  541.0s  dt=0.066  Smax=38.50  div=4.1e-04  nstep=8200  (656.8s)
21:16:50  [m0] t=  554.2s  dt=0.066  Smax=38.37  div=4.0e-04  nstep=8400  (676.0s)
21:17:09  [m0] t=  567.4s  dt=0.066  Smax=38.34  div=4.0e-04  nstep=8600  (695.2s)
21:17:25  [m0] t=  580.6s  dt=0.066  Smax=38.49  div=4.0e-04  nstep=8800  (711.8s)
21:17:45  [m0] t=  593.8s  dt=0.066  Smax=38.80  div=3.7e-04  nstep=9000  (731.1s)
21:17:55  [m0] done: 9095 steps, t=600.0s, wall=741.4s
21:17:55  --- members 2..12 on 3 parallel workers ---
23:15:21  writing outputs ...
23:15:22  Headline metrics: {
  "S_max": 37.09150894847165,
  "excess_max": 0.8740089484716478,
  "dilution_min": 32.9315850259097,
  "footprint_resolution_m2": 55.555555555555564,
  "reach_resolution_m": 8.333333333333334,
  "depth_resolution_m": 1.5,
  "r_max_m": 0.0,
  "z_deepest_m": 0.0,
  "plume_top_m": 0.0,
  "seabed_footprint_m2": 0.0,
  "affected_volume_m3": 0.0,
  "plume_rise_m": 0.0,
  "return_point_dist_m": 0.0,
  "Fr_d": 38.81802502021225,
  "n_ensemble": 12,
  "max_exceedance_prob": 0.25,
  "nf_rise_m": 17.655587504045446,
  "nf_rise_ratio": 2.2000000000000006,
  "nf_return_dist_m": 19.26064091350412,
  "nf_return_dilution": 64.20213637834706,
  "nf_merge_factor": 1.0,
  "nf_n_ports": 1,
  "near_field_coupling": true,
  "nf_dilution_band": [
    62.19581961652372,
    70.2210866638171
  ],
  "steady_state": {
    "window_s": [
      420.05292893349247,
      600.0284888723188
    ],
    "n_samples": 4,
    "converged": {
      "S_max": true,
      "excess_max": true,
      "r_max_m": false,
      "z_deepest_m": false,
      "seabed_footprint_m2": false,
      "dilution_min": true
    },
    "S_max_mean": 38.49669512779392,
    "S_max_std": 0.2033947371918621,
    "excess_max_mean": 2.3120780837283395,
    "excess_max_std": 0.1876320163187596,
    "r_max_m_mean": 138.75580410106897,
    "r_max_m_std": 60.513771585257594,
    "z_deepest_m_mean": 20.25,
    "z_deepest_m_std": 4.107919181288746,
    "seabed_footprint_m2_mean": 180.55555555555557,
    "seabed_footprint_m2_std": 99.18650595198403,
    "dilution_min_mean": 12.550384040151728,
    "dilution_min_std": 1.053635798140061,
    "steady_state_reached": false
  },
  "divergence_final": 0.00035688918476335386,
  "divergence_max_over_run": 0.0004162085243493944,
  "divergence_drift_ratio": 2.3971168479625473,
  "eta_min_m": -0.31701834049018224,
  "eta_max_m": 0.5380741129480715,
  "eta_absmax_m": 0.5380741129480715,
  "exceedance_is_probability": true,
  "active_physics": {
    "osmotic_flux": true,
    "osmotic_body_force": false,
    "soret_cross_diffusion": true,
    "full_tensor_dispersion": true,
    "stochastic_forcing": true,
    "free_surface": true,
    "near_field_coupling": true
  },
  "S_std_max": 1.5967974298696794,
  "excess_p95_max": 2.8388576476046556,
  "ensemble_meanmax_drift": 0.0037450550754982714,
  "vprofile_x_m": 245.83333333333334,
  "vprofile_y_m": 196.66666666666669
}
23:15:25  ======================================================================
23:15:25  PREDICTION SUMMARY:
23:15:25    -- near field (validated correlations) --
23:15:25    terminal rise height         : 17.7 m  (z_t/D·Fr=2.20)
23:15:25    return-point distance        : 19.3 m
23:15:25    near-field (return) dilution : 64 x
23:15:25    -- far field (3-D PDE model) --
23:15:25    peak salinity                : 37.09 g/kg
23:15:25    max excess above ambient     : 0.87 g/kg
23:15:25    horizontal reach r_max       : 0.0 m
23:15:25    seabed footprint (>ΔS_crit)  : 0 m^2  (resolution 56 m^2)
23:15:25    affected water volume        : 0 m^3
23:15:25    discharge densimetric Froude : 38.82
23:15:25    steady-state (420-600s): NOT yet steady; excess=2.31±0.19, reach=139±61 m
23:15:25    divergence: final=3.6e-04, max=4.2e-04, drift x2.4
23:15:25    max exceedance probability   : 0.25
23:15:25  All outputs written to: /home/akosa/salinity_prediction/4
23:15:25  ======================================================================
