01:28:01  ======================================================================
01:28:01  NEREID-B solver starting
01:28:01  grid 36x22x14  domain 180.0x90.0x10.0 m  t_end=280.0s  ensemble=4
01:28:01  fluid cells: 10516/11088  nozzle U_d=4.73 m/s
01:28:01  NOTE (validation): near-field = lab-validated correlations. Turbulence now physical (k-eps buoyancy SIGN BUG fixed + REALIZABLE k-eps -> no nut railing on any grid). FAR-FIELD is CONSERVATIVE and validated to be so across the published Perth multi-point transect (--validate-farfield): Perth ~35:1 vs documented 45:1 (under-dilutes ~22% = over-predicts impact = safe). Gacia reach ~2x (structural). Absolute far-field numbers are indicative; a CTD/ADCP survey at the modelled outfall would tighten them.
01:28:01  near-field (validated correlations): Fr=31.6  rise=9.0m (z_t/D·Fr=2.20)  return=9.9m  dilution=29x
01:28:01    -> 3-D far field seeded with diluted plume S=37.56 g/kg
01:28:01  assembling & factorising pressure-Poisson operator ...
01:28:04  factorisation complete.
01:28:04  --- ensemble member 1/4 (in-process, full diagnostics) ---
01:28:19  [m0] t=   10.6s  dt=0.053  Smax=37.56  div=2.4e-16  massimb=0.0e+00  nut@cap=0.0%  k@cap=0.0%  nstep=200  (15.6s)
01:28:32  [m0] t=   21.1s  dt=0.053  Smax=37.56  div=2.1e-16  massimb=0.0e+00  nut@cap=0.0%  k@cap=0.0%  nstep=400  (27.8s)
01:28:45  [m0] t=   31.7s  dt=0.053  Smax=37.56  div=1.9e-16  massimb=1.6e-16  nut@cap=0.0%  k@cap=0.0%  nstep=600  (40.8s)
01:28:56  [m0] t=   42.3s  dt=0.053  Smax=37.56  div=2.2e-16  massimb=1.5e-16  nut@cap=0.0%  k@cap=0.0%  nstep=800  (52.0s)
01:29:09  [m0] t=   52.8s  dt=0.053  Smax=37.56  div=2.7e-16  massimb=4.6e-16  nut@cap=0.0%  k@cap=0.0%  nstep=1000  (65.4s)
01:29:21  [m0] t=   63.4s  dt=0.053  Smax=37.56  div=3.2e-16  massimb=1.5e-16  nut@cap=0.0%  k@cap=0.0%  nstep=1200  (77.6s)
01:29:33  [m0] t=   74.0s  dt=0.053  Smax=37.56  div=3.0e-16  massimb=0.0e+00  nut@cap=0.0%  k@cap=0.0%  nstep=1400  (89.0s)
01:29:46  [m0] t=   84.5s  dt=0.053  Smax=37.56  div=3.8e-16  massimb=1.5e-16  nut@cap=0.0%  k@cap=0.0%  nstep=1600  (101.8s)
01:29:57  [m0] t=   95.1s  dt=0.053  Smax=37.56  div=4.0e-16  massimb=0.0e+00  nut@cap=0.0%  k@cap=0.0%  nstep=1800  (113.6s)
01:30:10  [m0] t=  105.7s  dt=0.053  Smax=37.56  div=3.8e-16  massimb=1.5e-16  nut@cap=0.0%  k@cap=0.0%  nstep=2000  (126.2s)
01:30:21  [m0] t=  116.2s  dt=0.053  Smax=37.56  div=2.9e-16  massimb=1.5e-16  nut@cap=0.0%  k@cap=0.0%  nstep=2200  (137.4s)
01:30:33  [m0] t=  126.8s  dt=0.053  Smax=37.56  div=2.7e-16  massimb=3.1e-16  nut@cap=0.0%  k@cap=0.0%  nstep=2400  (149.6s)
01:30:45  [m0] t=  137.4s  dt=0.053  Smax=37.56  div=3.1e-16  massimb=3.1e-16  nut@cap=0.0%  k@cap=0.0%  nstep=2600  (161.5s)
01:30:58  [m0] t=  148.0s  dt=0.053  Smax=37.56  div=3.3e-16  massimb=0.0e+00  nut@cap=0.0%  k@cap=0.0%  nstep=2800  (174.2s)
01:31:17  [m0] t=  158.5s  dt=0.053  Smax=37.56  div=2.7e-16  massimb=1.5e-16  nut@cap=0.0%  k@cap=0.0%  nstep=3000  (193.0s)
01:31:30  [m0] t=  169.1s  dt=0.053  Smax=37.56  div=2.3e-16  massimb=1.5e-16  nut@cap=0.0%  k@cap=0.0%  nstep=3200  (205.8s)
01:31:43  [m0] t=  179.7s  dt=0.053  Smax=37.56  div=2.4e-16  massimb=0.0e+00  nut@cap=0.0%  k@cap=0.0%  nstep=3400  (218.9s)
01:31:57  [m0] t=  190.2s  dt=0.053  Smax=37.56  div=2.5e-16  massimb=3.1e-16  nut@cap=0.0%  k@cap=0.0%  nstep=3600  (233.4s)
01:32:10  [m0] t=  200.8s  dt=0.053  Smax=37.56  div=2.3e-16  massimb=1.5e-16  nut@cap=0.0%  k@cap=0.0%  nstep=3800  (246.4s)
01:32:22  [m0] t=  211.4s  dt=0.053  Smax=37.56  div=2.2e-16  massimb=1.5e-16  nut@cap=0.0%  k@cap=0.0%  nstep=4000  (257.9s)
01:32:34  [m0] t=  221.9s  dt=0.053  Smax=37.56  div=2.6e-16  massimb=3.1e-16  nut@cap=0.0%  k@cap=0.0%  nstep=4200  (269.8s)
01:32:45  [m0] t=  232.5s  dt=0.053  Smax=37.56  div=2.7e-16  massimb=1.5e-16  nut@cap=0.0%  k@cap=0.0%  nstep=4400  (280.8s)
01:32:56  [m0] t=  243.1s  dt=0.053  Smax=37.56  div=3.1e-16  massimb=1.5e-16  nut@cap=0.0%  k@cap=0.0%  nstep=4600  (292.0s)
01:33:08  [m0] t=  253.6s  dt=0.053  Smax=37.56  div=3.2e-16  massimb=0.0e+00  nut@cap=0.0%  k@cap=0.0%  nstep=4800  (304.4s)
01:33:20  [m0] t=  264.2s  dt=0.053  Smax=37.56  div=4.0e-16  massimb=1.5e-16  nut@cap=0.0%  k@cap=0.0%  nstep=5000  (315.8s)
01:33:31  [m0] t=  274.8s  dt=0.053  Smax=37.56  div=3.7e-16  massimb=4.6e-16  nut@cap=0.0%  k@cap=0.0%  nstep=5200  (327.4s)
01:33:37  [m0] done: 5300 steps, t=280.0s, wall=333.4s
01:33:37  --- members 2..4 on 3 parallel workers ---
01:43:23  writing outputs ...
01:43:23  Headline metrics: {
  "S_max": 37.56148769087987,
  "excess_max": 1.0543446795876292,
  "dilution_min": 23.609790635632674,
  "footprint_resolution_m2": 20.454545454545453,
  "reach_resolution_m": 5.0,
  "depth_resolution_m": 0.7142857142857143,
  "r_max_m": 0.0,
  "z_deepest_m": 0.0,
  "plume_top_m": 0.0,
  "seabed_footprint_m2": 0.0,
  "affected_volume_m3": 0.0,
  "plume_rise_m": 0.0,
  "return_point_dist_m": 0.0,
  "Fr_d": 31.63865920996393,
  "n_ensemble": 4,
  "max_exceedance_prob": 0.0,
  "nf_rise_m": 9.048656534049686,
  "nf_rise_ratio": 2.2000000000000006,
  "nf_return_dist_m": 9.871261673508746,
  "nf_return_dilution": 28.671328671328663,
  "nf_merge_factor": 0.5663824216020197,
  "nf_n_ports": 40,
  "near_field_coupling": true,
  "nf_dilution_band": [
    27.775349650349643,
    31.359265734265726
  ],
  "steady_state": {
    "window_s": [
      180.02345171794008,
      280.04822251396376
    ],
    "n_samples": 6,
    "converged": {
      "S_max": true,
      "excess_max": true,
      "r_max_m": true,
      "z_deepest_m": true,
      "seabed_footprint_m2": true,
      "dilution_min": true
    },
    "S_max_mean": 37.56148951145804,
    "S_max_std": 2.4533868673263643e-06,
    "excess_max_mean": 1.0543460416537904,
    "excess_max_std": 2.1045971186815143e-06,
    "r_max_m_mean": 0.0,
    "r_max_m_std": 0.0,
    "z_deepest_m_mean": 0.0,
    "z_deepest_m_std": 0.0,
    "seabed_footprint_m2_mean": 0.0,
    "seabed_footprint_m2_std": 0.0,
    "dilution_min_mean": 23.60976013521209,
    "dilution_min_std": 4.712768640880659e-05,
    "steady_state_reached": true
  },
  "divergence_final": 3.7191603963205463e-16,
  "divergence_max_over_run": 3.7470027081099033e-16,
  "divergence_drift_ratio": 1.0454519941947515,
  "nut_cap_fraction": 0.0,
  "k_cap_fraction": 0.0,
  "mass_imbalance_final": 4.59056235640086e-16,
  "eta_min_m": 0.0,
  "eta_max_m": 0.0,
  "eta_absmax_m": 0.0,
  "exceedance_is_probability": true,
  "active_physics": {
    "osmotic_flux": true,
    "osmotic_body_force": false,
    "soret_cross_diffusion": true,
    "full_tensor_dispersion": true,
    "stochastic_forcing": true,
    "free_surface": false,
    "near_field_coupling": true
  },
  "S_std_max": 0.2559468877047664,
  "excess_p95_max": 1.0543448192977756,
  "ensemble_meanmax_drift": 3.1103866149351234e-09,
  "vprofile_x_m": 47.5,
  "vprofile_y_m": 42.95454545454545
}
01:43:25  ======================================================================
01:43:25  PREDICTION SUMMARY:
01:43:25    -- near field (validated correlations) --
01:43:25    terminal rise height         : 9.0 m  (z_t/D·Fr=2.20)
01:43:25    return-point distance        : 9.9 m
01:43:25    near-field (return) dilution : 29 x
01:43:25    -- far field (3-D PDE model) --
01:43:25    peak salinity                : 37.56 g/kg
01:43:25    max excess above ambient     : 1.05 g/kg
01:43:25    horizontal reach r_max       : 0.0 m
01:43:25    seabed footprint (>ΔS_crit)  : 0 m^2  (resolution 20 m^2)
01:43:25    affected water volume        : 0 m^3
01:43:25    discharge densimetric Froude : 31.64
01:43:25    steady-state (180-280s): STEADY; excess=1.05±0.00, reach=0±0 m
01:43:25    divergence: final=3.7e-16, max=3.7e-16, drift x1.0
01:43:25    max exceedance probability   : 0.00
01:43:25  All outputs written to: /home/akosa/salinity_prediction/5
01:43:25  ======================================================================
